::1 - - [01/Jul/2019:07:01:46 +0000] "GET /movies HTTP/1.1" 304 -
::1 - - [01/Jul/2019:07:27:09 +0000] "GET / HTTP/1.1" 304 -
::1 - - [01/Jul/2019:07:27:19 +0000] "GET /movies/asdasd HTTP/1.1" 200 179
::1 - - [01/Jul/2019:07:28:01 +0000] "GET /movies/1 HTTP/1.1" 200 339
::1 - - [01/Jul/2019:07:28:05 +0000] "GET /movies/b HTTP/1.1" 200 169
::1 - - [01/Jul/2019:07:29:04 +0000] "GET /movies/b HTTP/1.1" 304 -
::1 - - [01/Jul/2019:07:29:10 +0000] "GET /movies/1 HTTP/1.1" 304 -
::1 - - [01/Jul/2019:07:29:27 +0000] "GET /movies/1 HTTP/1.1" 200 2
::1 - - [01/Jul/2019:07:29:36 +0000] "GET /movies/1 HTTP/1.1" 200 0
::1 - - [01/Jul/2019:07:29:37 +0000] "GET /movies/1 HTTP/1.1" 304 -
::1 - - [01/Jul/2019:07:29:37 +0000] "GET /movies/1 HTTP/1.1" 304 -
::1 - - [01/Jul/2019:07:29:37 +0000] "GET /movies/1 HTTP/1.1" 304 -
::1 - - [01/Jul/2019:07:29:38 +0000] "GET /movies/1 HTTP/1.1" 304 -
::1 - - [01/Jul/2019:07:29:45 +0000] "GET /movies/1 HTTP/1.1" 200 339
::1 - - [01/Jul/2019:07:29:54 +0000] "GET /movies/b HTTP/1.1" 304 -
::1 - - [01/Jul/2019:07:30:36 +0000] "GET /movies/b HTTP/1.1" 304 -
::1 - - [01/Jul/2019:07:30:40 +0000] "GET /movies/1 HTTP/1.1" 304 -
::1 - - [01/Jul/2019:07:31:36 +0000] "GET /movies/1 HTTP/1.1" 200 169
::1 - - [01/Jul/2019:07:31:48 +0000] "GET /movies HTTP/1.1" 200 20338
::1 - - [01/Jul/2019:07:31:52 +0000] "GET /movies/aa HTTP/1.1" 200 169
::1 - - [01/Jul/2019:07:32:21 +0000] "GET /movies/1 HTTP/1.1" 304 -
::1 - - [01/Jul/2019:07:32:49 +0000] "GET /movies/ HTTP/1.1" 200 20338
::1 - - [01/Jul/2019:07:32:53 +0000] "GET /movies/1 HTTP/1.1" 304 -
::1 - - [01/Jul/2019:07:33:03 +0000] "GET /movies/1/ HTTP/1.1" 200 169
::1 - - [01/Jul/2019:07:33:16 +0000] "GET /movies/1/ HTTP/1.1" 304 -
::1 - - [01/Jul/2019:07:33:29 +0000] "GET /movies/1 HTTP/1.1" 200 339
::1 - - [01/Jul/2019:07:33:32 +0000] "GET /movies/asda HTTP/1.1" 200 175
::1 - - [01/Jul/2019:07:33:58 +0000] "GET / HTTP/1.1" 304 -
::1 - - [01/Jul/2019:07:34:03 +0000] "GET /movies/b HTTP/1.1" 500 1536
::1 - - [01/Jul/2019:07:34:13 +0000] "GET /movies/b HTTP/1.1" 200 169
::1 - - [01/Jul/2019:07:36:28 +0000] "GET /movies/b HTTP/1.1" 304 -
::1 - - [01/Jul/2019:07:36:30 +0000] "GET /movies/b HTTP/1.1" 304 -
::1 - - [01/Jul/2019:07:36:31 +0000] "GET /movies/b HTTP/1.1" 304 -
::1 - - [01/Jul/2019:07:36:31 +0000] "GET /movies/b HTTP/1.1" 304 -
::1 - - [01/Jul/2019:07:36:31 +0000] "GET /movies/b HTTP/1.1" 304 -
::1 - - [01/Jul/2019:07:36:32 +0000] "GET /movies/b HTTP/1.1" 304 -
::1 - - [01/Jul/2019:07:36:32 +0000] "GET /movies/b HTTP/1.1" 304 -
::1 - - [01/Jul/2019:07:36:32 +0000] "GET /movies/b HTTP/1.1" 304 -
::1 - - [01/Jul/2019:07:36:32 +0000] "GET /movies/b HTTP/1.1" 304 -
::1 - - [01/Jul/2019:07:36:32 +0000] "GET /movies/b HTTP/1.1" 304 -
::1 - - [01/Jul/2019:07:36:33 +0000] "GET /movies/b HTTP/1.1" 304 -
::1 - - [01/Jul/2019:07:36:33 +0000] "GET /movies/b HTTP/1.1" 304 -
::1 - - [01/Jul/2019:07:36:33 +0000] "GET /movies/b HTTP/1.1" 304 -
::1 - - [01/Jul/2019:07:36:33 +0000] "GET /movies/b HTTP/1.1" 304 -
::1 - - [01/Jul/2019:07:36:34 +0000] "GET /movies/b HTTP/1.1" 304 -
::1 - - [01/Jul/2019:07:36:34 +0000] "GET /movies/b HTTP/1.1" 304 -
::1 - - [01/Jul/2019:07:38:18 +0000] "GET /movies/b HTTP/1.1" 304 -
::1 - - [01/Jul/2019:07:38:36 +0000] "GET /movies/b HTTP/1.1" 304 -
::1 - - [01/Jul/2019:07:38:39 +0000] "GET /movies/2 HTTP/1.1" 200 329
::1 - - [01/Jul/2019:07:43:39 +0000] "GET /movies/asdasd HTTP/1.1" 304 -
::1 - - [01/Jul/2019:07:44:02 +0000] "GET /movies/asdasd HTTP/1.1" 304 -
::1 - - [01/Jul/2019:07:45:09 +0000] "GET /movies/asdasd HTTP/1.1" 304 -
::1 - - [01/Jul/2019:07:50:05 +0000] "GET /movies/1 HTTP/1.1" 304 -
::1 - - [01/Jul/2019:07:50:11 +0000] "GET /movies/askdjbas HTTP/1.1" 200 183
::1 - - [01/Jul/2019:07:51:00 +0000] "GET /movies/askdjbas HTTP/1.1" 304 -
::1 - - [01/Jul/2019:07:51:54 +0000] "GET /movies/askdjbas HTTP/1.1" 304 -
::1 - - [01/Jul/2019:07:52:16 +0000] "GET /movies/askdjbas HTTP/1.1" 304 -
::1 - - [01/Jul/2019:07:52:23 +0000] "GET /movies/askdjbas HTTP/1.1" 304 -
::1 - - [01/Jul/2019:07:52:27 +0000] "GET /movies/askdjbas HTTP/1.1" 304 -
::1 - - [01/Jul/2019:07:53:03 +0000] "GET /movies/askdjbas HTTP/1.1" 304 -
::1 - - [01/Jul/2019:07:54:12 +0000] "GET /movies/askdjbas HTTP/1.1" 200 207
::1 - - [01/Jul/2019:07:54:21 +0000] "GET /movies/1 HTTP/1.1" 304 -
::1 - - [01/Jul/2019:07:54:36 +0000] "GET /movies/asdasd HTTP/1.1" 200 203
::1 - - [01/Jul/2019:07:54:55 +0000] "GET /movies/asdasd HTTP/1.1" 200 48
::1 - - [01/Jul/2019:07:56:38 +0000] "GET /movies/asdasd HTTP/1.1" 304 -
::1 - - [01/Jul/2019:07:56:46 +0000] "GET /directors/asdasd HTTP/1.1" 200 48
::1 - - [01/Jul/2019:07:56:50 +0000] "GET /directors/4 HTTP/1.1" 200 46
::1 - - [01/Jul/2019:07:56:57 +0000] "GET /directors/4dsfsd HTTP/1.1" 200 48
::1 - - [01/Jul/2019:08:55:41 +0000] "POST /directors HTTP/1.1" 200 128
::1 - - [01/Jul/2019:08:56:05 +0000] "PUT /directors HTTP/1.1" 200 168
::1 - - [01/Jul/2019:08:56:13 +0000] "PUT /directors HTTP/1.1" 200 48
::1 - - [01/Jul/2019:08:56:22 +0000] "PUT /directors HTTP/1.1" 200 48
::1 - - [01/Jul/2019:08:56:31 +0000] "PUT /directors HTTP/1.1" 200 168
::1 - - [01/Jul/2019:08:57:26 +0000] "PUT /directors HTTP/1.1" 200 168
::1 - - [01/Jul/2019:08:57:54 +0000] "PUT /directors HTTP/1.1" 200 168
::1 - - [01/Jul/2019:08:59:36 +0000] "PUT /directors HTTP/1.1" 200 168
::1 - - [01/Jul/2019:09:00:05 +0000] "PUT /directors HTTP/1.1" 200 168
::1 - - [01/Jul/2019:09:00:28 +0000] "PUT /directors HTTP/1.1" 200 41
::1 - - [01/Jul/2019:09:02:11 +0000] "PUT /directors HTTP/1.1" 200 41
::1 - - [01/Jul/2019:09:02:42 +0000] "PUT /directors HTTP/1.1" 200 70
::1 - - [01/Jul/2019:09:05:10 +0000] "PUT /directors HTTP/1.1" 200 96
::1 - - [01/Jul/2019:09:05:45 +0000] "PUT /directors HTTP/1.1" - -
::1 - - [01/Jul/2019:09:07:53 +0000] "PUT /directors HTTP/1.1" - -
::1 - - [01/Jul/2019:09:09:27 +0000] "POST /movies HTTP/1.1" 200 128
::1 - - [01/Jul/2019:09:10:12 +0000] "PUT /movies HTTP/1.1" 200 21
::1 - - [01/Jul/2019:09:11:56 +0000] "PUT /movies HTTP/1.1" 200 21
::1 - - [01/Jul/2019:09:12:28 +0000] "PUT /movies HTTP/1.1" 200 21
::1 - - [01/Jul/2019:09:13:49 +0000] "PUT /movies HTTP/1.1" 200 21
::1 - - [01/Jul/2019:09:15:20 +0000] "PUT /movies HTTP/1.1" 200 372
::1 - - [01/Jul/2019:09:16:34 +0000] "PUT /movies HTTP/1.1" 200 62
::1 - - [01/Jul/2019:09:19:25 +0000] "PUT /movies HTTP/1.1" 200 168
::1 - - [01/Jul/2019:09:20:02 +0000] "PUT /movies HTTP/1.1" 200 56
::1 - - [01/Jul/2019:09:21:15 +0000] "PUT /movies HTTP/1.1" 200 56
::1 - - [01/Jul/2019:10:10:23 +0000] "GET /movies/12222222 HTTP/1.1" 200 2
::1 - - [01/Jul/2019:10:10:55 +0000] "DELETE /movies/12222222 HTTP/1.1" 200 127
::1 - - [02/Jul/2019:08:53:53 +0000] "DELETE /movies/12222222 HTTP/1.1" 200 127
::1 - - [02/Jul/2019:08:54:00 +0000] "GET /movies/12222222 HTTP/1.1" 400 11
::1 - - [02/Jul/2019:08:54:13 +0000] "GET /movies/kl HTTP/1.1" 404 21
::1 - - [02/Jul/2019:08:54:39 +0000] "GET /movies/kl HTTP/1.1" 400 21
::1 - - [02/Jul/2019:08:54:44 +0000] "GET /movies/7 HTTP/1.1" 200 393
::1 - - [02/Jul/2019:09:07:00 +0000] "GET /movies HTTP/1.1" 200 20338
::1 - - [02/Jul/2019:09:08:43 +0000] "POST /movies HTTP/1.1" - -
::1 - - [02/Jul/2019:09:08:44 +0000] "POST /movies HTTP/1.1" 200 128
::1 - - [02/Jul/2019:09:08:59 +0000] "PUT /movies/51 HTTP/1.1" 400 28
::1 - - [02/Jul/2019:09:09:05 +0000] "PUT /movies/51 HTTP/1.1" 500 2832
::1 - - [02/Jul/2019:09:09:46 +0000] "PUT /movies/51 HTTP/1.1" 500 2832
::1 - - [02/Jul/2019:09:10:38 +0000] "PUT /movies/51 HTTP/1.1" 500 2832
::1 - - [02/Jul/2019:09:11:02 +0000] "PUT /movies/51 HTTP/1.1" 500 1553
::1 - - [02/Jul/2019:09:11:17 +0000] "PUT /movies/51 HTTP/1.1" 200 168
::1 - - [02/Jul/2019:09:11:35 +0000] "PUT /movies/51 HTTP/1.1" 200 41
::1 - - [02/Jul/2019:09:11:51 +0000] "PUT /movies/51 HTTP/1.1" 400 23
::1 - - [02/Jul/2019:09:12:05 +0000] "PUT /movies/51 HTTP/1.1" 400 23
::1 - - [02/Jul/2019:09:12:11 +0000] "PUT /movies/51 HTTP/1.1" 200 41
::1 - - [02/Jul/2019:09:15:02 +0000] "POST /movies HTTP/1.1" 500 2838
::1 - - [02/Jul/2019:09:15:27 +0000] "POST /movies HTTP/1.1" 400 28
::1 - - [02/Jul/2019:09:16:07 +0000] "POST /movies HTTP/1.1" 400 28
::1 - - [02/Jul/2019:09:16:28 +0000] "POST /movies HTTP/1.1" 200 0
::1 - - [02/Jul/2019:09:17:24 +0000] "POST /movies HTTP/1.1" 201 128
::1 - - [02/Jul/2019:09:18:22 +0000] "POST /movies HTTP/1.1" 201 14
::1 - - [02/Jul/2019:09:18:47 +0000] "POST /movies HTTP/1.1" 201 18
::1 - - [02/Jul/2019:09:20:26 +0000] "DELETE /movies/55 HTTP/1.1" 200 127
::1 - - [08/Jul/2019:07:58:10 +0000] "GET / HTTP/1.1" 200 22
::1 - - [08/Jul/2019:07:58:11 +0000] "GET /robots.txt HTTP/1.1" 404 149
::1 - - [08/Jul/2019:07:58:12 +0000] "GET /favicon.ico HTTP/1.1" 404 150
::1 - - [08/Jul/2019:07:58:31 +0000] "GET /movies HTTP/1.1" 200 21282
::1 - - [08/Jul/2019:07:58:39 +0000] "GET /movies/2 HTTP/1.1" 200 329
::1 - - [08/Jul/2019:08:33:18 +0000] "GET /movies HTTP/1.1" 304 -
::1 - - [08/Jul/2019:08:33:18 +0000] "GET /movies HTTP/1.1" 304 -
::1 - - [08/Jul/2019:08:33:57 +0000] "GET /movies HTTP/1.1" 304 -
::1 - - [08/Jul/2019:08:35:03 +0000] "GET /movies HTTP/1.1" 304 -
::1 - - [08/Jul/2019:08:35:33 +0000] "GET /movies HTTP/1.1" 304 -
::1 - - [08/Jul/2019:08:35:50 +0000] "GET /movies HTTP/1.1" 304 -
::1 - - [08/Jul/2019:08:36:20 +0000] "GET /movies HTTP/1.1" 304 -
::1 - - [08/Jul/2019:08:36:32 +0000] "GET /movies HTTP/1.1" 304 -
::1 - - [08/Jul/2019:08:36:58 +0000] "GET /movies HTTP/1.1" 304 -
::1 - - [08/Jul/2019:08:40:24 +0000] "GET /movies HTTP/1.1" 304 -
::1 - - [08/Jul/2019:08:40:25 +0000] "GET /movies HTTP/1.1" 304 -
::1 - - [08/Jul/2019:08:40:39 +0000] "GET /movies HTTP/1.1" 304 -
::1 - - [08/Jul/2019:08:41:20 +0000] "GET /movies HTTP/1.1" 304 -
::1 - - [08/Jul/2019:08:43:27 +0000] "GET /movies/2 HTTP/1.1" 304 -
::1 - - [08/Jul/2019:08:43:30 +0000] "GET /movies HTTP/1.1" 304 -
::1 - - [08/Jul/2019:08:43:43 +0000] "GET /movies HTTP/1.1" 304 -
::1 - - [08/Jul/2019:08:44:17 +0000] "GET /movies HTTP/1.1" 304 -
::1 - - [08/Jul/2019:08:45:03 +0000] "GET /movies HTTP/1.1" 304 -
::1 - - [08/Jul/2019:08:45:23 +0000] "GET /movies HTTP/1.1" 304 -
::1 - - [08/Jul/2019:08:46:01 +0000] "GET /movies HTTP/1.1" 304 -
::1 - - [08/Jul/2019:08:46:51 +0000] "GET /movies HTTP/1.1" 304 -
::1 - - [08/Jul/2019:08:47:32 +0000] "GET /movies HTTP/1.1" 304 -
::1 - - [08/Jul/2019:08:48:08 +0000] "GET /movies HTTP/1.1" 304 -
::1 - - [08/Jul/2019:08:48:59 +0000] "GET /movies HTTP/1.1" 304 -
::1 - - [08/Jul/2019:08:49:10 +0000] "GET /movies HTTP/1.1" 304 -
::1 - - [08/Jul/2019:08:49:36 +0000] "GET /movies HTTP/1.1" 304 -
::1 - - [08/Jul/2019:08:50:27 +0000] "GET /movies HTTP/1.1" 304 -
::1 - - [08/Jul/2019:08:50:43 +0000] "GET /movies HTTP/1.1" 304 -
::1 - - [08/Jul/2019:08:51:47 +0000] "GET /movies HTTP/1.1" 304 -
::1 - - [08/Jul/2019:08:52:23 +0000] "GET /movies HTTP/1.1" 304 -
::1 - - [08/Jul/2019:08:52:39 +0000] "GET /movies HTTP/1.1" 304 -
::1 - - [08/Jul/2019:08:52:49 +0000] "GET /movies HTTP/1.1" 304 -
::1 - - [08/Jul/2019:08:53:10 +0000] "GET /movies HTTP/1.1" 304 -
::1 - - [08/Jul/2019:08:56:04 +0000] "GET /movies HTTP/1.1" 304 -
::1 - - [08/Jul/2019:08:56:17 +0000] "GET /movies HTTP/1.1" 304 -
::1 - - [08/Jul/2019:08:58:01 +0000] "GET /movies HTTP/1.1" 304 -
::1 - - [08/Jul/2019:09:17:34 +0000] "GET /movies HTTP/1.1" 304 -
